<?xml version="1.0" encoding="UTF-8"?>
<!-- Generated by org.testng.reporters.JUnitXMLReporter -->
<testsuite hostname="Роман-ПК" name="Default test" tests="4" failures="0" timestamp="25 Feb 2015 19:46:36 GMT" time="10.187" errors="0">
  <testcase name="testAddNew" time="2.089" classname="com.example.tests.AdressCreationTests"/>
  <testcase name="testAddNewNull" time="1.86" classname="com.example.tests.AdressCreationTests"/>
  <testcase name="testEmptyGroupCreation" time="1.005" classname="com.example.tests.GroupCreationTests"/>
  <testcase name="testNonEmptyGroupCreation" time="0.95" classname="com.example.tests.GroupCreationTests"/>
</testsuite> <!-- Default test -->
