<?xml version="1.0" encoding="UTF-8"?>
<!-- Generated by org.testng.reporters.JUnitXMLReporter -->
<testsuite hostname="Роман-ПК" name="Default test" tests="4" failures="0" timestamp="26 Feb 2015 19:17:13 GMT" time="14.495" errors="0">
  <testcase name="testEmptyGroupCreation" time="1.832" classname="com.example.tests.GroupCreationTests"/>
  <testcase name="testNonEmptyGroupCreation" time="1.56" classname="com.example.tests.GroupCreationTests"/>
  <testcase name="testAddNew" time="2.24" classname="com.example.tests.AdressCreationTests"/>
  <testcase name="testAddNewNull" time="2.39" classname="com.example.tests.AdressCreationTests"/>
</testsuite> <!-- Default test -->
