<?xml version="1.0" encoding="UTF-8"?>
<testng-results skipped="0" failed="0" total="4" passed="4">
  <reporter-output>
  </reporter-output>
  <suite name="Default suite" duration-ms="14495" started-at="2015-02-26T19:16:59Z" finished-at="2015-02-26T19:17:13Z">
    <groups>
    </groups>
    <test name="Default test" duration-ms="14495" started-at="2015-02-26T19:16:59Z" finished-at="2015-02-26T19:17:13Z">
      <class name="com.example.tests.AdressCreationTests">
        <test-method status="PASS" signature="testAddNew()[pri:0, instance:com.example.tests.AdressCreationTests@64c64813]" name="testAddNew" duration-ms="2240" started-at="2015-02-26T22:17:08Z" finished-at="2015-02-26T22:17:11Z">
          <reporter-output>
          </reporter-output>
        </test-method> <!-- testAddNew -->
        <test-method status="PASS" signature="testAddNewNull()[pri:0, instance:com.example.tests.AdressCreationTests@64c64813]" name="testAddNewNull" duration-ms="2390" started-at="2015-02-26T22:17:11Z" finished-at="2015-02-26T22:17:13Z">
          <reporter-output>
          </reporter-output>
        </test-method> <!-- testAddNewNull -->
      </class> <!-- com.example.tests.AdressCreationTests -->
      <class name="com.example.tests.GroupCreationTests">
        <test-method status="PASS" signature="setUp()[pri:0, instance:com.example.tests.GroupCreationTests@2d6a9952]" name="setUp" is-config="true" duration-ms="6203" started-at="2015-02-26T22:16:59Z" finished-at="2015-02-26T22:17:05Z">
          <reporter-output>
          </reporter-output>
        </test-method> <!-- setUp -->
        <test-method status="PASS" signature="testEmptyGroupCreation()[pri:0, instance:com.example.tests.GroupCreationTests@2d6a9952]" name="testEmptyGroupCreation" duration-ms="1832" started-at="2015-02-26T22:17:05Z" finished-at="2015-02-26T22:17:07Z">
          <reporter-output>
          </reporter-output>
        </test-method> <!-- testEmptyGroupCreation -->
        <test-method status="PASS" signature="testNonEmptyGroupCreation()[pri:0, instance:com.example.tests.GroupCreationTests@2d6a9952]" name="testNonEmptyGroupCreation" duration-ms="1560" started-at="2015-02-26T22:17:07Z" finished-at="2015-02-26T22:17:08Z">
          <reporter-output>
          </reporter-output>
        </test-method> <!-- testNonEmptyGroupCreation -->
        <test-method status="PASS" signature="tearDown()[pri:0, instance:com.example.tests.GroupCreationTests@2d6a9952]" name="tearDown" is-config="true" duration-ms="260" started-at="2015-02-26T22:17:13Z" finished-at="2015-02-26T22:17:13Z">
          <reporter-output>
          </reporter-output>
        </test-method> <!-- tearDown -->
      </class> <!-- com.example.tests.GroupCreationTests -->
    </test> <!-- Default test -->
  </suite> <!-- Default suite -->
</testng-results>
